<?xml version="1.0" encoding="UTF-8"?>
<!-- Generated by org.testng.reporters.JUnitReportReporter -->
<testsuite hostname="Anushruti" failures="0" tests="1" name="asertscriptpackage.InvoiceTESTT" time="5.502" errors="0" timestamp="2025-05-08T11:00:40 IST" skipped="0">
  <testcase classname="asertscriptpackage.InvoiceTESTT" name="activateTest" time="5.502"/>
  <system-out/>
</testsuite> <!-- asertscriptpackage.InvoiceTESTT -->
