<?xml version="1.0" encoding="UTF-8"?>
<!-- Generated by org.testng.reporters.JUnitReportReporter -->
<testsuite hostname="Anushruti" failures="0" tests="1" name="Reportingpackage.SamplereportTest" time="0.530" errors="0" timestamp="2025-05-09T09:31:11 IST" skipped="0">
  <testcase classname="Reportingpackage.SamplereportTest" name="createContactTest" time="0.530"/>
  <system-out/>
</testsuite> <!-- Reportingpackage.SamplereportTest -->
