<?xml version="1.0" encoding="UTF-8"?>
<!-- Generated by org.testng.reporters.JUnitReportReporter -->
<testsuite hostname="Anushruti" failures="0" tests="1" name="asertscriptpackage.verifywithRealseleniumTest" time="34.414" errors="0" timestamp="2025-05-11T15:04:10 IST" skipped="0">
  <testcase classname="asertscriptpackage.verifywithRealseleniumTest" name="createContactTest1" time="34.414"/>
  <system-out/>
</testsuite> <!-- asertscriptpackage.verifywithRealseleniumTest -->
