<?xml version="1.0" encoding="UTF-8"?>
<!-- Generated by org.testng.reporters.JUnitReportReporter -->
<testsuite hostname="Anushruti" failures="0" tests="1" name="com.comcast.crm.concattest.CreatecontactTest" time="14.364" errors="0" timestamp="2025-05-14T16:28:21 IST" skipped="0">
  <testcase classname="com.comcast.crm.concattest.CreatecontactTest" name="createContactTest1" time="14.364"/>
  <system-out/>
</testsuite> <!-- com.comcast.crm.concattest.CreatecontactTest -->
