<?xml version="1.0" encoding="UTF-8"?>
<!-- Generated by org.testng.reporters.JUnitReportReporter -->
<testsuite hostname="Anushruti" failures="0" tests="1" name="Reportingpackage.SamplereportTestt" time="2.445" errors="0" timestamp="2025-05-08T16:54:56 IST" skipped="0">
  <testcase classname="Reportingpackage.SamplereportTestt" name="createContactTestt" time="2.445"/>
  <system-out/>
</testsuite> <!-- Reportingpackage.SamplereportTestt -->
