<?xml version="1.0" encoding="UTF-8"?>
<!-- Generated by org.testng.reporters.JUnitReportReporter -->
<testsuite hostname="Anushruti" failures="0" tests="1" name="CrmPomScript.SimpletestwithPom" time="9.738" errors="0" timestamp="2025-05-11T15:53:34 IST" skipped="0">
  <testcase classname="CrmPomScript.SimpletestwithPom" name="sampletest" time="9.738"/>
  <system-out/>
</testsuite> <!-- CrmPomScript.SimpletestwithPom -->
