<?xml version="1.0" encoding="UTF-8"?>
<!-- Generated by org.testng.reporters.JUnitReportReporter -->
<testsuite hostname="Anushruti" failures="0" tests="1" name="com.comcast.crm.orgtest.Createorgtest" time="27.642" errors="0" timestamp="2025-05-15T22:06:32 IST" skipped="0">
  <testcase classname="com.comcast.crm.orgtest.Createorgtest" name="createorgtest1" time="27.642"/>
  <system-out/>
</testsuite> <!-- com.comcast.crm.orgtest.Createorgtest -->
