<?xml version="1.0" encoding="UTF-8"?>
<!-- Generated by org.testng.reporters.JUnitReportReporter -->
<testsuite hostname="Anushruti" failures="0" tests="1" name="asertscriptpackage.Homepageverificationtest" time="5.618" errors="0" timestamp="2025-05-15T20:18:08 IST" skipped="0">
  <testcase classname="asertscriptpackage.Homepageverificationtest" name="verifyLogoHomepageTest" time="5.618"/>
  <system-out/>
</testsuite> <!-- asertscriptpackage.Homepageverificationtest -->
